app/build/intermediates/manifest_merge_blame_file/debug/manifest-merger-blame-debug-report.txt
1<?xml version="1.0" encoding="utf-8"?>
2<manifest xmlns:android="http://schemas.android.com/apk/res/android"
3    package="com.example.challenge_api_meli"
4    android:versionCode="1"
5    android:versionName="1.0" >
6
7    <uses-sdk
8        android:minSdkVersion="26"
8-->src/main/AndroidManifest.xml
9        android:targetSdkVersion="32" />
9-->src/main/AndroidManifest.xml
10
11    <uses-permission android:name="android.permission.ACCESS_NETWORK_STATE" />
11-->src/main/AndroidManifest.xml:5:5-79
11-->src/main/AndroidManifest.xml:5:22-76
12    <uses-permission android:name="android.permission.INTERNET" />
12-->src/main/AndroidManifest.xml:6:5-67
12-->src/main/AndroidManifest.xml:6:22-64
13
14    <application
14-->src/main/AndroidManifest.xml:8:5-33:19
15        android:allowBackup="true"
15-->src/main/AndroidManifest.xml:9:9-35
16        android:appComponentFactory="androidx.core.app.CoreComponentFactory"
16-->[androidx.core:core:1.8.0] AndroidManifest.xml:24:18-86
17        android:dataExtractionRules="@xml/data_extraction_rules"
17-->src/main/AndroidManifest.xml:10:9-65
18        android:debuggable="true"
19        android:extractNativeLibs="false"
20        android:fullBackupContent="@xml/backup_rules"
20-->src/main/AndroidManifest.xml:11:9-54
21        android:icon="@mipmap/ic_launcher"
21-->src/main/AndroidManifest.xml:12:9-43
22        android:label="@string/app_name"
22-->src/main/AndroidManifest.xml:13:9-41
23        android:roundIcon="@mipmap/ic_launcher_round"
23-->src/main/AndroidManifest.xml:14:9-54
24        android:supportsRtl="true"
24-->src/main/AndroidManifest.xml:15:9-35
25        android:testOnly="true"
26        android:theme="@style/Theme.Challengeapimeli" >
26-->src/main/AndroidManifest.xml:16:9-54
27        <activity
27-->src/main/AndroidManifest.xml:18:9-20:40
28            android:name="com.example.challenge_api_meli.ui.Favorites"
28-->src/main/AndroidManifest.xml:19:13-41
29            android:exported="false" />
29-->src/main/AndroidManifest.xml:20:13-37
30        <activity
30-->src/main/AndroidManifest.xml:21:9-23:40
31            android:name="com.example.challenge_api_meli.ui.ProductDetail"
31-->src/main/AndroidManifest.xml:22:13-45
32            android:exported="false" />
32-->src/main/AndroidManifest.xml:23:13-37
33        <activity
33-->src/main/AndroidManifest.xml:24:9-32:20
34            android:name="com.example.challenge_api_meli.ui.MainActivity"
34-->src/main/AndroidManifest.xml:25:13-44
35            android:exported="true" >
35-->src/main/AndroidManifest.xml:26:13-36
36            <intent-filter>
36-->src/main/AndroidManifest.xml:27:13-31:29
37                <action android:name="android.intent.action.MAIN" />
37-->src/main/AndroidManifest.xml:28:17-69
37-->src/main/AndroidManifest.xml:28:25-66
38
39                <category android:name="android.intent.category.LAUNCHER" />
39-->src/main/AndroidManifest.xml:30:17-77
39-->src/main/AndroidManifest.xml:30:27-74
40            </intent-filter>
41        </activity>
42
43        <provider
43-->[com.squareup.picasso:picasso:2.71828] AndroidManifest.xml:8:9-11:40
44            android:name="com.squareup.picasso.PicassoProvider"
44-->[com.squareup.picasso:picasso:2.71828] AndroidManifest.xml:9:13-64
45            android:authorities="com.example.challenge_api_meli.com.squareup.picasso"
45-->[com.squareup.picasso:picasso:2.71828] AndroidManifest.xml:10:13-72
46            android:exported="false" />
46-->[com.squareup.picasso:picasso:2.71828] AndroidManifest.xml:11:13-37
47        <provider
47-->[androidx.emoji2:emoji2:1.2.0] AndroidManifest.xml:24:9-32:20
48            android:name="androidx.startup.InitializationProvider"
48-->[androidx.emoji2:emoji2:1.2.0] AndroidManifest.xml:25:13-67
49            android:authorities="com.example.challenge_api_meli.androidx-startup"
49-->[androidx.emoji2:emoji2:1.2.0] AndroidManifest.xml:26:13-68
50            android:exported="false" >
50-->[androidx.emoji2:emoji2:1.2.0] AndroidManifest.xml:27:13-37
51            <meta-data
51-->[androidx.emoji2:emoji2:1.2.0] AndroidManifest.xml:29:13-31:52
52                android:name="androidx.emoji2.text.EmojiCompatInitializer"
52-->[androidx.emoji2:emoji2:1.2.0] AndroidManifest.xml:30:17-75
53                android:value="androidx.startup" />
53-->[androidx.emoji2:emoji2:1.2.0] AndroidManifest.xml:31:17-49
54            <meta-data
54-->[androidx.lifecycle:lifecycle-process:2.4.1] AndroidManifest.xml:31:13-33:52
55                android:name="androidx.lifecycle.ProcessLifecycleInitializer"
55-->[androidx.lifecycle:lifecycle-process:2.4.1] AndroidManifest.xml:32:17-78
56                android:value="androidx.startup" />
56-->[androidx.lifecycle:lifecycle-process:2.4.1] AndroidManifest.xml:33:17-49
57        </provider>
58    </application>
59
60</manifest>